<?xml version="1.0" encoding="UTF-8"?>
<testng-results ignored="0" total="1" passed="1" failed="0" skipped="0">
  <reporter-output>
    <line>
      <![CDATA[Search result counts verified<P>]]>
    </line>
    <line>
      <![CDATA[Count is:10346]]>
    </line>
  </reporter-output>
  <suite started-at="2021-02-04T02:46:05Z" name="Default suite" finished-at="2021-02-04T02:46:25Z" duration-ms="20701">
    <groups>
    </groups>
    <test started-at="2021-02-04T02:46:05Z" name="Default test" finished-at="2021-02-04T02:46:25Z" duration-ms="20701">
      <class name="org.project.test.Search_and_savecount">
        <test-method is-config="true" signature="initiateDriverInstance()[pri:0, instance:org.project.test.Search_and_savecount@79ca92b9]" started-at="2021-02-04T02:46:05Z" name="initiateDriverInstance" finished-at="2021-02-04T02:46:18Z" duration-ms="13611" status="PASS">
          <reporter-output>
          </reporter-output>
        </test-method> <!-- initiateDriverInstance -->
        <test-method signature="savecount()[pri:0, instance:org.project.test.Search_and_savecount@79ca92b9]" started-at="2021-02-04T02:46:18Z" name="savecount" description="Search a product and verify the count of results" finished-at="2021-02-04T02:46:24Z" duration-ms="5977" status="PASS">
          <reporter-output>
            <line>
              <![CDATA[Search result counts verified<P>]]>
            </line>
            <line>
              <![CDATA[Count is:10346]]>
            </line>
          </reporter-output>
        </test-method> <!-- savecount -->
        <test-method is-config="true" signature="closeBrowser()[pri:0, instance:org.project.test.Search_and_savecount@79ca92b9]" started-at="2021-02-04T02:46:24Z" name="closeBrowser" finished-at="2021-02-04T02:46:25Z" duration-ms="1044" status="PASS">
          <reporter-output>
          </reporter-output>
        </test-method> <!-- closeBrowser -->
      </class> <!-- org.project.test.Search_and_savecount -->
    </test> <!-- Default test -->
  </suite> <!-- Default suite -->
</testng-results>
